<?xml version="1.0" encoding="UTF-8"?>
<testng-results ignored="0" total="5" passed="5" failed="0" skipped="0">
  <reporter-output>
  </reporter-output>
  <suite started-at="2022-11-07T09:26:40 EST" name="Default suite" finished-at="2022-11-07T09:26:47 EST" duration-ms="6666">
    <groups>
    </groups>
    <test started-at="2022-11-07T09:26:40 EST" name="Default test" finished-at="2022-11-07T09:26:47 EST" duration-ms="6666">
      <class name="assignment_oct30.amazon_testNG">
        <test-method is-config="true" signature="lunchBrowser()[pri:0, instance:assignment_oct30.amazon_testNG@48aca48b]" started-at="2022-11-07T09:26:40 EST" name="lunchBrowser" finished-at="2022-11-07T09:26:43 EST" duration-ms="2320" status="PASS">
          <reporter-output>
          </reporter-output>
        </test-method> <!-- lunchBrowser -->
        <test-method signature="setup()[pri:1, instance:assignment_oct30.amazon_testNG@48aca48b]" started-at="2022-11-07T09:26:43 EST" name="setup" finished-at="2022-11-07T09:26:46 EST" duration-ms="2801" status="PASS">
          <reporter-output>
          </reporter-output>
        </test-method> <!-- setup -->
        <test-method signature="clickonSignin()[pri:2, instance:assignment_oct30.amazon_testNG@48aca48b]" started-at="2022-11-07T09:26:46 EST" name="clickonSignin" finished-at="2022-11-07T09:26:46 EST" duration-ms="788" status="PASS">
          <reporter-output>
          </reporter-output>
        </test-method> <!-- clickonSignin -->
        <test-method signature="clickonCreateAccount()[pri:3, instance:assignment_oct30.amazon_testNG@48aca48b]" started-at="2022-11-07T09:26:46 EST" name="clickonCreateAccount" finished-at="2022-11-07T09:26:47 EST" duration-ms="329" status="PASS">
          <reporter-output>
          </reporter-output>
        </test-method> <!-- clickonCreateAccount -->
        <test-method signature="firstNameBox()[pri:4, instance:assignment_oct30.amazon_testNG@48aca48b]" started-at="2022-11-07T09:26:47 EST" name="firstNameBox" finished-at="2022-11-07T09:26:47 EST" duration-ms="96" status="PASS">
          <reporter-output>
          </reporter-output>
        </test-method> <!-- firstNameBox -->
        <test-method signature="emailandMobileBox()[pri:5, instance:assignment_oct30.amazon_testNG@48aca48b]" started-at="2022-11-07T09:26:47 EST" name="emailandMobileBox" finished-at="2022-11-07T09:26:47 EST" duration-ms="94" status="PASS">
          <reporter-output>
          </reporter-output>
        </test-method> <!-- emailandMobileBox -->
        <test-method is-config="true" signature="teardown()[pri:0, instance:assignment_oct30.amazon_testNG@48aca48b]" started-at="2022-11-07T09:26:47 EST" name="teardown" finished-at="2022-11-07T09:26:47 EST" duration-ms="179" status="PASS">
          <reporter-output>
          </reporter-output>
        </test-method> <!-- teardown -->
      </class> <!-- assignment_oct30.amazon_testNG -->
    </test> <!-- Default test -->
  </suite> <!-- Default suite -->
</testng-results>
