<?xml version="1.0" encoding="UTF-8"?>
<!-- Generated by org.testng.reporters.JUnitXMLReporter -->
<testsuite ignored="0" hostname="Anna" failures="0" tests="5" name="Default test" time="6.666" errors="0" timestamp="2022-11-07T09:26:47 EST">
  <testcase classname="assignment_oct30.amazon_testNG" name="setup" time="2.801"/>
  <testcase classname="assignment_oct30.amazon_testNG" name="clickonSignin" time="0.788"/>
  <testcase classname="assignment_oct30.amazon_testNG" name="clickonCreateAccount" time="0.329"/>
  <testcase classname="assignment_oct30.amazon_testNG" name="firstNameBox" time="0.096"/>
  <testcase classname="assignment_oct30.amazon_testNG" name="emailandMobileBox" time="0.094"/>
</testsuite> <!-- Default test -->
